<?xml version="1.0" encoding="UTF-8"?>
<testsuite xmlns:xsi="http://www.w3.org/2001/XMLSchema-instance" xsi:noNamespaceSchemaLocation="https://maven.apache.org/surefire/maven-surefire-plugin/xsd/surefire-test-report-3.0.xsd" version="3.0" name="com.ordering.integration.OrderingApplicationTest" time="4.808" tests="9" errors="0" skipped="0" failures="0">
  <properties>
[...]
</properties>
  <testcase name="menu_shouldBeInitialized" classname="com.ordering.integration.OrderingApplicationTest" time="0.19">
    <system-out><![CDATA[2026-05-28T09:20:12.516+08:00  INFO 6912 --- [ordering-backend] [           main] t.c.s.AnnotationConfigContextLoaderUtils : Could not detect default configuration classes for test class [com.ordering.integration.OrderingApplicationTest]: OrderingApplicationTest does not declare any static, non-private, non-final, nested classes annotated with @Configuration.
2026-05-28T09:20:12.540+08:00  INFO 6912 --- [ordering-backend] [           main] .b.t.c.SpringBootTestContextBootstrapper : Found @SpringBootConfiguration com.ordering.OrderingApplication for test class com.ordering.integration.OrderingApplicationTest

  .   ____          _            __ _ _
 /\\ / ___'_ __ _ _(_)_ __  __ _ \ \ \ \
( ( )\___ | '_ | '_| | '_ \/ _` | \ \ \ \
 \\/  ___)| |_)| | | | | || (_| |  ) ) ) )
  '  |____| .__|_| |_|_| |_\__, | / / / /
 =========|_|==============|___/=/_/_/_/
 :: Spring Boot ::                (v3.2.5)

2026-05-28T09:20:12.610+08:00  INFO 6912 --- [ordering-backend] [           main] c.o.integration.OrderingApplicationTest  : Starting OrderingApplicationTest using Java 21.0.6 with PID 6912 (started by para in /home/para/workspaceForOpenclaw/ordering-system/backend)
2026-05-28T09:20:12.611+08:00 DEBUG 6912 --- [ordering-backend] [           main] c.o.integration.OrderingApplicationTest  : Running with Spring Boot v3.2.5, Spring v6.1.6
2026-05-28T09:20:12.611+08:00  INFO 6912 --- [ordering-backend] [           main] c.o.integration.OrderingApplicationTest  : The following 1 profile is active: "demo"
2026-05-28T09:20:13.146+08:00  INFO 6912 --- [ordering-backend] [           main] .s.d.r.c.RepositoryConfigurationDelegate : Multiple Spring Data modules found, entering strict repository configuration mode
2026-05-28T09:20:13.149+08:00  INFO 6912 --- [ordering-backend] [           main] .s.d.r.c.RepositoryConfigurationDelegate : Bootstrapping Spring Data JPA repositories in DEFAULT mode.
2026-05-28T09:20:13.204+08:00  INFO 6912 --- [ordering-backend] [           main] .s.d.r.c.RepositoryConfigurationDelegate : Finished Spring Data repository scanning in 45 ms. Found 2 JPA repository interfaces.
2026-05-28T09:20:13.792+08:00  INFO 6912 --- [ordering-backend] [           main] o.s.b.w.embedded.tomcat.TomcatWebServer  : Tomcat initialized with port 0 (http)
2026-05-28T09:20:13.808+08:00  INFO 6912 --- [ordering-backend] [           main] o.apache.catalina.core.StandardService   : Starting service [Tomcat]
2026-05-28T09:20:13.809+08:00  INFO 6912 --- [ordering-backend] [           main] o.apache.catalina.core.StandardEngine    : Starting Servlet engine: [Apache Tomcat/10.1.20]
2026-05-28T09:20:13.880+08:00  INFO 6912 --- [ordering-backend] [           main] o.a.c.c.C.[Tomcat].[localhost].[/]       : Initializing Spring embedded WebApplicationContext
2026-05-28T09:20:13.881+08:00  INFO 6912 --- [ordering-backend] [           main] w.s.c.ServletWebServerApplicationContext : Root WebApplicationContext: initialization completed in 1266 ms
2026-05-28T09:20:13.930+08:00  INFO 6912 --- [ordering-backend] [           main] com.zaxxer.hikari.HikariDataSource       : HikariPool-1 - Starting...
2026-05-28T09:20:14.166+08:00  INFO 6912 --- [ordering-backend] [           main] com.zaxxer.hikari.pool.HikariPool        : HikariPool-1 - Added connection conn0: url=jdbc:h2:mem:ordering user=SA
2026-05-28T09:20:14.168+08:00  INFO 6912 --- [ordering-backend] [           main] com.zaxxer.hikari.HikariDataSource       : HikariPool-1 - Start completed.
2026-05-28T09:20:14.180+08:00  INFO 6912 --- [ordering-backend] [           main] o.s.b.a.h2.H2ConsoleAutoConfiguration    : H2 console available at '/h2-console'. Database available at 'jdbc:h2:mem:ordering'
2026-05-28T09:20:14.351+08:00  INFO 6912 --- [ordering-backend] [           main] o.hibernate.jpa.internal.util.LogHelper  : HHH000204: Processing PersistenceUnitInfo [name: default]
2026-05-28T09:20:14.436+08:00  INFO 6912 --- [ordering-backend] [           main] org.hibernate.Version                    : HHH000412: Hibernate ORM core version 6.4.4.Final
2026-05-28T09:20:14.471+08:00  INFO 6912 --- [ordering-backend] [           main] o.h.c.internal.RegionFactoryInitiator    : HHH000026: Second-level cache disabled
2026-05-28T09:20:14.577+08:00  INFO 6912 --- [ordering-backend] [           main] o.s.o.j.p.SpringPersistenceUnitInfo      : No LoadTimeWeaver setup: ignoring JPA class transformer
2026-05-28T09:20:14.615+08:00  WARN 6912 --- [ordering-backend] [           main] org.hibernate.orm.deprecation            : HHH90000025: H2Dialect does not need to be specified explicitly using 'hibernate.dialect' (remove the property setting and it will be selected by default)
2026-05-28T09:20:15.379+08:00  INFO 6912 --- [ordering-backend] [           main] o.h.e.t.j.p.i.JtaPlatformInitiator       : HHH000489: No JTA platform available (set 'hibernate.transaction.jta.platform' to enable JTA platform integration)
2026-05-28T09:20:15.412+08:00  INFO 6912 --- [ordering-backend] [           main] j.LocalContainerEntityManagerFactoryBean : Initialized JPA EntityManagerFactory for persistence unit 'default'
2026-05-28T09:20:15.865+08:00  WARN 6912 --- [ordering-backend] [           main] com.ordering.service.OrderService        : Redis 未配置，使用本地内存库存（Demo 模式）
2026-05-28T09:20:15.900+08:00  INFO 6912 --- [ordering-backend] [           main] c.ordering.feishu.FeishuBitableClient    : 飞书Bitable客户端初始化 (appId=cli_aa9c0e8b7dbe1cbc)
2026-05-28T09:20:15.900+08:00  INFO 6912 --- [ordering-backend] [           main] c.ordering.feishu.FeishuBitableClient    :   AppToken=placeholder
2026-05-28T09:20:16.027+08:00  WARN 6912 --- [ordering-backend] [           main] JpaBaseConfiguration$JpaWebConfiguration : spring.jpa.open-in-view is enabled by default. Therefore, database queries may be performed during view rendering. Explicitly configure spring.jpa.open-in-view to disable this warning
2026-05-28T09:20:16.384+08:00  INFO 6912 --- [ordering-backend] [           main] o.s.b.w.embedded.tomcat.TomcatWebServer  : Tomcat started on port 42741 (http) with context path ''
2026-05-28T09:20:16.395+08:00  INFO 6912 --- [ordering-backend] [           main] c.o.integration.OrderingApplicationTest  : Started OrderingApplicationTest in 3.837 seconds (process running for 8.907)
2026-05-28T09:20:16.402+08:00  INFO 6912 --- [ordering-backend] [   scheduling-1] com.ordering.service.OrderService        : 菜单缓存已清除
2026-05-28T09:20:16.403+08:00 DEBUG 6912 --- [ordering-backend] [   scheduling-1] com.ordering.service.MenuSyncService     : 菜单缓存已刷新
2026-05-28T09:20:16.758+08:00  INFO 6912 --- [ordering-backend] [           main] c.ordering.config.DemoDataInitializer    : 初始化 Demo 菜品数据...
2026-05-28T09:20:16.833+08:00  INFO 6912 --- [ordering-backend] [           main] c.ordering.config.DemoDataInitializer    : Demo 数据初始化完成，共 16 道菜品
2026-05-28T09:20:16.940+08:00  INFO 6912 --- [ordering-backend] [o-auto-1-exec-1] o.a.c.c.C.[Tomcat].[localhost].[/]       : Initializing Spring DispatcherServlet 'dispatcherServlet'
2026-05-28T09:20:16.940+08:00  INFO 6912 --- [ordering-backend] [o-auto-1-exec-1] o.s.web.servlet.DispatcherServlet        : Initializing Servlet 'dispatcherServlet'
2026-05-28T09:20:16.941+08:00  INFO 6912 --- [ordering-backend] [o-auto-1-exec-1] o.s.web.servlet.DispatcherServlet        : Completed initialization in 1 ms
]]></system-out>
  </testcase>
  <testcase name="categoryCount_shouldMatchItems" classname="com.ordering.integration.OrderingApplicationTest" time="0.038"/>
  <testcase name="createOrder_shouldCreateInCreatedState" classname="com.ordering.integration.OrderingApplicationTest" time="0.066">
    <system-out><![CDATA[2026-05-28T09:20:17.124+08:00  INFO 6912 --- [ordering-backend] [o-auto-1-exec-3] com.ordering.service.OrderService        : 订单创建成功: ORD17799312171136849
]]></system-out>
  </testcase>
  <testcase name="updateStatus_shouldChangeToPreparing" classname="com.ordering.integration.OrderingApplicationTest" time="0.047"/>
  <testcase name="updateStatus_shouldChangeToPendingConfirm" classname="com.ordering.integration.OrderingApplicationTest" time="0.02"/>
  <testcase name="confirmPickup_shouldChangeToConfirmed" classname="com.ordering.integration.OrderingApplicationTest" time="0.021"/>
  <testcase name="getOrder_shouldReturnFullDetail" classname="com.ordering.integration.OrderingApplicationTest" time="0.012"/>
  <testcase name="searchMenu_shouldWork" classname="com.ordering.integration.OrderingApplicationTest" time="0.02"/>
  <testcase name="multipleOrders_shouldBeListed" classname="com.ordering.integration.OrderingApplicationTest" time="0.026">
    <system-out><![CDATA[2026-05-28T09:20:17.300+08:00  INFO 6912 --- [ordering-backend] [o-auto-1-exec-1] com.ordering.service.OrderService        : 订单创建成功: ORD17799312172978835
]]></system-out>
  </testcase>
</testsuite>